<test-run id="2" duration="0.062477" testcasecount="1" total="1" passed="1" failed="0" inconclusive="0" skipped="0" result="Passed" start-time="2024-01-24T 10:41:02Z" end-time="2024-01-24T 10:41:05Z">
  <test-suite type="Assembly" name="Frais.dll" fullname="/Users/cerebrentbabban/Workspace/Frais/bin/Debug/net6.0/Frais.dll" total="1" passed="1" failed="0" inconclusive="0" skipped="0" result="Passed" start-time="2024-01-24T 10:41:04Z" end-time="2024-01-24T 10:41:04Z" duration="0.062477">
    <test-suite type="TestSuite" name="Frais" fullname="Frais" total="1" passed="1" failed="0" inconclusive="0" skipped="0" result="Passed" start-time="2024-01-24T 10:41:04Z" end-time="2024-01-24T 10:41:04Z" duration="0.062477">
      <test-suite type="TestSuite" name="Features" fullname="Frais.Features" total="1" passed="1" failed="0" inconclusive="0" skipped="0" result="Passed" start-time="2024-01-24T 10:41:04Z" end-time="2024-01-24T 10:41:04Z" duration="0.062477">
        <test-suite type="TestFixture" name="HomePageFeature" fullname="Frais.Features.HomePageFeature" classname="Frais.Features.HomePageFeature" total="1" passed="1" failed="0" inconclusive="0" skipped="0" result="Passed" start-time="2024-01-24T 10:41:04Z" end-time="2024-01-24T 10:41:04Z" duration="0.062477">
          <test-case name="VerifyHomePage" fullname="Frais.Features.HomePageFeature.VerifyHomePage" methodname="VerifyHomePage" classname="HomePageFeature" result="Passed" start-time="2024-01-24T 10:41:04Z" end-time="2024-01-24T 10:41:04Z" duration="0.062477" asserts="0">
            <properties>
              <property name="Category" value="livingdoc" />
            </properties>
            <output><![CDATA[Given I am on the home page
test 1
-> done: HomePageStepDef.GivenIAmOnTheHomePage() (0.0s)
Given I am on the home page
test 1
-> done: HomePageStepDef.GivenIAmOnTheHomePage() (0.0s)

]]></output>
          </test-case>
        </test-suite>
      </test-suite>
    </test-suite>
    <errors />
  </test-suite>
</test-run>